<?xml version="1.0" encoding="UTF-8"?>
<!-- Generated by org.testng.reporters.JUnitReportReporter -->
<testsuite hostname="DESKTOP-1TNJ7GI" failures="0" tests="1" name="com.RestDemos.D10PostDemo1" time="7.570" errors="0" timestamp="2024-05-26T10:57:07 IST" skipped="0">
  <testcase classname="com.RestDemos.D10PostDemo1" name="addingRecord" time="7.570"/>
  <system-out/>
</testsuite> <!-- com.RestDemos.D10PostDemo1 -->
