<?xml version="1.0" encoding="UTF-8"?>
<!-- Generated by org.testng.reporters.JUnitReportReporter -->
<testsuite hostname="DESKTOP-1TNJ7GI" failures="0" tests="1" name="com.RestDemos.D11PostUnsuccess" time="7.874" errors="0" timestamp="2024-05-26T11:20:12 IST" skipped="0">
  <testcase classname="com.RestDemos.D11PostUnsuccess" name="postUnsuccess" time="7.874"/>
  <system-out/>
</testsuite> <!-- com.RestDemos.D11PostUnsuccess -->
