<?xml version="1.0" encoding="UTF-8"?>
<!-- Generated by org.testng.reporters.JUnitReportReporter -->
<testsuite hostname="DESKTOP-1TNJ7GI" failures="0" tests="1" name="com.RestDemos.D13DeleteDemo" time="5.834" errors="0" timestamp="2024-05-26T11:49:13 IST" skipped="0">
  <testcase classname="com.RestDemos.D13DeleteDemo" name="deleteRequest" time="5.834"/>
  <system-out/>
</testsuite> <!-- com.RestDemos.D13DeleteDemo -->
