<?xml version="1.0" encoding="UTF-8"?>
<!-- Generated by org.testng.reporters.JUnitReportReporter -->
<testsuite hostname="DESKTOP-1TNJ7GI" failures="0" tests="1" name="com.RestDemos.D08DirectAssertion" time="9.707" errors="0" timestamp="2024-05-25T12:00:55 IST" skipped="0">
  <testcase classname="com.RestDemos.D08DirectAssertion" name="directAssertion" time="9.707"/>
  <system-out/>
</testsuite> <!-- com.RestDemos.D08DirectAssertion -->
