<?xml version="1.0" encoding="UTF-8"?>
<!-- Generated by org.testng.reporters.JUnitReportReporter -->
<testsuite hostname="DESKTOP-1TNJ7GI" failures="0" tests="1" name="com.RestDemos.D02GetListUsers" time="9.187" errors="0" timestamp="2024-05-25T10:25:40 IST" skipped="0">
  <testcase classname="com.RestDemos.D02GetListUsers" name="getList" time="9.187"/>
  <system-out/>
</testsuite> <!-- com.RestDemos.D02GetListUsers -->
