<?xml version="1.0" encoding="UTF-8"?>
<!-- Generated by org.testng.reporters.JUnitReportReporter -->
<testsuite hostname="DESKTOP-1TNJ7GI" failures="0" tests="1" name="com.RestDemos.D06CheckFirstName" time="8.861" errors="0" timestamp="2024-05-25T11:37:43 IST" skipped="0">
  <testcase classname="com.RestDemos.D06CheckFirstName" name="checkFirstName" time="8.861"/>
  <system-out/>
</testsuite> <!-- com.RestDemos.D06CheckFirstName -->
