<?xml version="1.0" encoding="UTF-8"?>
<!-- Generated by org.testng.reporters.JUnitReportReporter -->
<testsuite hostname="DESKTOP-1TNJ7GI" failures="0" tests="1" name="com.RestDemos.D03GetSingleUser" time="6.484" errors="0" timestamp="2024-05-25T10:48:30 IST" skipped="0">
  <testcase classname="com.RestDemos.D03GetSingleUser" name="getSingleUser" time="6.484"/>
  <system-out/>
</testsuite> <!-- com.RestDemos.D03GetSingleUser -->
