<?xml version="1.0" encoding="UTF-8"?>
<!-- Generated by org.testng.reporters.JUnitReportReporter -->
<testsuite hostname="DESKTOP-1TNJ7GI" failures="0" tests="1" name="com.RestDemos.D01FirstTest" time="6.896" errors="0" timestamp="2024-05-19T11:18:15 IST" skipped="0">
  <testcase classname="com.RestDemos.D01FirstTest" name="test1" time="6.896"/>
  <system-out/>
</testsuite> <!-- com.RestDemos.D01FirstTest -->
