<?xml version="1.0" encoding="UTF-8"?>
<!-- Generated by org.testng.reporters.JUnitReportReporter -->
<testsuite hostname="DESKTOP-1TNJ7GI" failures="0" tests="1" name="com.RestDemos.D09FindSpecificName" time="13.748" errors="0" timestamp="2024-05-26T10:24:03 IST" skipped="0">
  <testcase classname="com.RestDemos.D09FindSpecificName" name="searchSpecificName" time="13.748"/>
  <system-out/>
</testsuite> <!-- com.RestDemos.D09FindSpecificName -->
